PCAD Importer Log
Project : ATWINC1500-MR210PA.LibPkg

Section : C:\Users\bocal\Desktop\POP_Project\Downloaded_footprint\ATWINC1500-MR210PA.lia
    Section : PCB Library - ATWINC1500-MR210PA.PcbLib
        Section : Load Messages
            Warning - 1 : Skipping Token ATWINC1500-MR210PA On Line 124
            Warning - 1 : Skipping Token attachedSymbol On Line 381
        EndSection

        Section : Import Messages
            Warning - 0 : PCAD Pattern Graphics [ATMEL_ATWINC1500-MR210PA][Primary] associated with PCAD Component [ATWINC1500-MR210PA] has been renamed to PCB FootPrint [ATMEL_ATWINC1500-MR210PA_ATWINC1500-MR210PA(Primary)].
        EndSection
    EndSection

    Section : SCH Library - ATWINC1500-MR210PA.SchLib
        Section : Parsing Messages
            Warning - 1 : Skipping Token padStyleDef On Line 9
            Warning - 1 : Skipping Token multiLayer On Line 84
            Warning - 1 : Skipping Token layerContents On Line 114
        EndSection

        Section : Generating SCH Library - ATWINC1500-MR210PA.SchLib
            Warning - 0 : PCAD Pattern Graphics [ATMEL_ATWINC1500-MR210PA][Primary] associated with PCAD Component [ATWINC1500-MR210PA] has been renamed to PCB FootPrint [ATMEL_ATWINC1500-MR210PA_ATWINC1500-MR210PA(Primary)].
        EndSection
    EndSection
EndSection
